2021-04-19 15:52:14,302 - D:\project\log.py[line:40] - DEBUG: debug
2021-04-19 15:52:14,302 - D:\project\log.py[line:41] - INFO: info
2021-04-19 15:52:14,302 - D:\project\log.py[line:42] - WARNING: 警告
2021-04-19 15:52:14,303 - D:\project\log.py[line:43] - ERROR: 报错
2021-04-19 15:52:14,303 - D:\project\log.py[line:44] - CRITICAL: 严重
2021-04-19 16:48:25,568 - D:\project\log.py[line:40] - DEBUG: debug
2021-04-19 16:48:25,568 - D:\project\log.py[line:41] - INFO: info
2021-04-19 16:48:25,569 - D:\project\log.py[line:42] - WARNING: 警告
2021-04-19 16:48:25,569 - D:\project\log.py[line:43] - ERROR: 报错
2021-04-19 16:48:25,569 - D:\project\log.py[line:44] - CRITICAL: 严重
2021-04-19 16:55:44,487 - D:\project\log.py[line:40] - DEBUG: debug
2021-04-19 16:55:44,494 - D:\project\log.py[line:41] - INFO: info
2021-04-19 16:55:44,494 - D:\project\log.py[line:42] - WARNING: 警告
2021-04-19 16:55:44,494 - D:\project\log.py[line:43] - ERROR: 报错
2021-04-19 16:55:44,494 - D:\project\log.py[line:44] - CRITICAL: 严重
2021-04-19 16:57:14,195 - D:\project\index.py[line:71] - ERROR: add error!
2021-04-19 16:57:14,990 - D:\project\index.py[line:71] - ERROR: add error!
2021-04-19 16:57:15,775 - D:\project\index.py[line:71] - ERROR: add error!
2021-04-19 16:57:16,991 - D:\project\index.py[line:71] - ERROR: add error!
2021-04-20 09:12:39,345 - D:\project\index.py[line:89] - ERROR: add error!
2021-04-20 09:12:39,951 - D:\project\index.py[line:89] - ERROR: add error!
2021-04-20 14:37:07,727 - D:\project\index.py[line:28] - DEBUG: 接收到文件
2021-04-20 14:37:07,728 - D:\project\index.py[line:31] - DEBUG: C:\Users\ThinkPad\Desktop\10.txt
2021-04-20 14:37:07,729 - D:\project\index.py[line:38] - DEBUG: ['ABDUL', 'HARUNA', '1951 Niagara street', '14303', 'NIAGARA FALLS', '02', '23', '1978', '17165146238', 'NY', '811144011']
2021-04-20 14:37:07,729 - D:\project\index.py[line:38] - DEBUG: ['Ramon', 'Rohena', '1024 north main st', '14701', 'Jamestown', '06', '10', '1993', '17169699387', 'NY', '596408208']
2021-04-20 14:37:07,729 - D:\project\index.py[line:38] - DEBUG: ['Gabriel', 'Nunez', '325 W 93rd St Apt 3D', '10025-7240', 'New York', '09', '22', '1974', '16469016065', 'NY', '061620316']
2021-04-20 14:37:07,729 - D:\project\index.py[line:38] - DEBUG: ['Faigy', 'Berkovits', '5309 12th Ave Apt 2', '11219-3429', 'Brooklyn', '04', '15', '1968', '17184356748', 'NY', '057667243']
2021-04-20 14:37:07,729 - D:\project\index.py[line:38] - DEBUG: ['Ana', 'Rodriguez', '3003 Wallace Ave', '10467', 'Bronx', '06', '18', '1988', '19148004209', 'NY', '115800336']
2021-04-20 14:37:07,729 - D:\project\index.py[line:38] - DEBUG: ['John', 'Lundberg', '40 Logans Run', '14626', 'Rochester', '05', '16', '1969', '15858310214', 'NY', '061707610']
2021-04-20 14:37:07,729 - D:\project\index.py[line:38] - DEBUG: ['Christopher', 'Foster', '9604 state route 36', '14437', 'DANSVILLE', '09', '07', '1979', '16073821386', 'NY', '060682269']
2021-04-20 14:37:07,730 - D:\project\index.py[line:38] - DEBUG: ['Candice', 'Bravo-DiStefano', '114 Noel Drive', '11720', 'CENTEREACH', '03', '24', '1979', '16314282944', 'NY', '109968559']
2021-04-20 14:37:07,730 - D:\project\index.py[line:38] - DEBUG: ['Ashley', 'Minella', '3640 Bronx Blvd', '10467', 'BRONX', '03', '23', '2001', '19292173280', 'NY', '095908153']
2021-04-20 14:37:07,730 - D:\project\index.py[line:38] - DEBUG: ['Ian', 'Smithwrick', '120 stonelea place', '10801', 'NEW ROCHELLE', '08', '22', '1989', '16463001317', 'NY', '088765705']
2021-04-20 14:37:07,730 - D:\project\index.py[line:38] - DEBUG: ['Andrew', 'Lewars', '2148 Schenectady Ave', '11234', 'BROOKLYN', '07', '23', '1981', '17183380197', 'NY', '086762792']
2021-04-20 14:37:07,730 - D:\project\index.py[line:38] - DEBUG: ['Princess', 'Pancubit', '343 Gold s', '11201', 'BROOKLYN', '12', '03', '1996', '18312782304', 'NY', '616942462']
2021-04-20 14:37:07,730 - D:\project\index.py[line:38] - DEBUG: ['Stephen', 'Rigos', '1418 Astoria Park S', '11102', 'Astoria', '10', '28', '1990', '16317428158', 'NY', '073785017']
2021-04-20 14:37:07,730 - D:\project\index.py[line:38] - DEBUG: ['Catherine', 'Reith', '1075 Edison Avenue 6D', '10465', 'Bronx', '05', '21', '1945', '16463281468', 'NY', '093361118']
2021-04-20 14:37:07,730 - D:\project\index.py[line:38] - DEBUG: ['Irwing', 'Velandia', '3352 85th street , 600', '11372', 'JACKSON HEIGHTS', '11', '25', '1978', '19172258338', 'NY', '078949097']
2021-04-20 14:37:07,731 - D:\project\index.py[line:38] - DEBUG: ['Claudette', 'Morgan', '10208 Avenue J', '11236', 'Brooklyn', '08', '28', '1963', '19175395805', 'NY', '097666441']
2021-04-20 14:37:07,731 - D:\project\index.py[line:38] - DEBUG: ['Mohamed', 'Yatabarry', '1305 Sheridan avenue 3E', '10456', 'BRONX', '09', '15', '1980', '13476149880', 'NY', '095690576']
2021-04-20 14:37:07,731 - D:\project\index.py[line:38] - DEBUG: ['Liping', 'Chen', '967 46th Street', '11219', 'BROOKLYN', '10', '16', '1989', '19174705656', 'NY', '134963209']
2021-04-20 14:37:07,731 - D:\project\index.py[line:38] - DEBUG: ['Diane', 'Fiorello', '3218 shore road', '11572', 'Oceanside', '05', '22', '1971', '15165438260', 'NY', '073587067']
2021-04-20 14:37:07,731 - D:\project\index.py[line:38] - DEBUG: ['Bechir', 'Bejaoui', '364 93rd St Apt F4', '11209-6928', 'Brooklyn', '07', '25', '1974', '17182005710', 'NY', '082927470']
2021-04-20 14:37:07,731 - D:\project\index.py[line:38] - DEBUG: ['Carmen', 'Martinez', '201 Hufcut Road', '10941', 'MIDDLETOWN', '11', '28', '1969', '18453811877', 'NY', '437296304']
2021-04-20 14:37:07,731 - D:\project\index.py[line:38] - DEBUG: ['Sean', 'Sliker', '6101B Scotch Pine Dr', '13603', 'Watertown', '12', '17', '1985', '18149691595', 'NY', '198702240']
2021-04-20 14:37:07,739 - D:\project\index.py[line:38] - DEBUG: ['Iryna', 'Tamboutsava', '18 Bay 34th St Apt 3R', '11214', 'Brooklyn', '03', '07', '1971', '16316623304', 'NY', '079949480']
2021-04-20 14:37:07,739 - D:\project\index.py[line:38] - DEBUG: ['Staffon', 'Donerlson', '139 Griffith st', '13208', 'SYRACUSE', '09', '19', '1984', '13154509789', 'NY', '061709441']
2021-04-20 14:37:07,739 - D:\project\index.py[line:38] - DEBUG: ['DAVID', 'CAICEDO', '1690 METROPOLITAN AVE APT 6E', '10462', 'Bronx', '10', '02', '1973', '13479906491', 'NY', '083920052']
2021-04-20 14:37:07,739 - D:\project\index.py[line:38] - DEBUG: ['Christopher', 'Joseph', '26 Satinwood Street', '11722', 'CENTRAL ISLIP', '11', '13', '1962', '16317414616', 'NY', '116601314']
2021-04-20 14:37:07,740 - D:\project\index.py[line:38] - DEBUG: ['Chinghua', 'Tang', '3351 84th St Apt 6E', '11372-1521', 'Flushing', '09', '26', '1951', '17184577515', 'NY', '017662034']
2021-04-20 14:37:07,740 - D:\project\index.py[line:38] - DEBUG: ['Tracey', 'Fabiani', '100 Colfax Avenue', '10306', 'Staten Island', '02', '09', '1979', '19179512235', 'NY', '131646871']
2021-04-20 14:37:07,740 - D:\project\index.py[line:38] - DEBUG: ['Jennifer', 'Grant', '19807 116th ave', '11412', 'SAINT ALBANS', '11', '18', '1974', '13472481167', 'NY', '116646302']
2021-04-20 14:37:07,740 - D:\project\index.py[line:38] - DEBUG: ['vincent', 'leone', '22 gettysburg dr', '11741', 'HOLBROOK', '02', '18', '1970', '13472348634', 'NY', '061487568']
2021-04-20 14:37:07,740 - D:\project\index.py[line:38] - DEBUG: ['Evelina', 'Cepeda', '565 W 139th St Apt 4', '10031', 'New York', '02', '09', '1971', '19292163416', 'NY', '054907741']
2021-04-20 14:37:07,740 - D:\project\index.py[line:38] - DEBUG: ['Franco', 'DiMarino', '62 Fremont street', '10528', 'HARRISON', '04', '08', '1962', '19143643285', 'NY', '101649574']
2021-04-20 14:37:07,740 - D:\project\index.py[line:38] - DEBUG: ['Brenda', 'Toney', '143 North 26th Street', '11798', 'Wyandanch', '04', '04', '1968', '16316712431', 'NY', '069586151']
2021-04-20 14:37:07,740 - D:\project\index.py[line:38] - DEBUG: ['Eric', 'Groberg', '1 Lincoln Plaza', '10023', 'New York', '03', '25', '1961', '19173597449', 'NY', '063467414']
2021-04-20 14:37:07,741 - D:\project\index.py[line:38] - DEBUG: ['Carter', 'Comden', '1801 Walker Lake Ontario Rd', '14468', 'Hilton', '07', '04', '1994', '15853697725', 'NY', '126824514']
2021-04-20 14:37:07,741 - D:\project\index.py[line:38] - DEBUG: ['Gabrielle', 'Rivas', '2698 Creston Ave', '10468', 'BRONX', '01', '15', '1991', '14079567492', 'NY', '082780106']
2021-04-20 14:37:07,741 - D:\project\index.py[line:38] - DEBUG: ['Deborah', 'Dryden', 'PO Box 113', '13053-0113', 'Dryden', '10', '11', '1978', '16073454869', 'NY', '065649768']
2021-04-20 14:37:07,741 - D:\project\index.py[line:38] - DEBUG: ['Rayon', 'Richards', '25927  148th Road', '11422', 'Rosedale', '12', '19', '1982', '13478690609', 'NY', '055748395']
2021-04-20 14:37:07,741 - D:\project\index.py[line:38] - DEBUG: ['NICOLE', 'DERBOGHOSSIAN', '28 SWENSON DR', '12590', 'Wappingers Falls', '03', '06', '1988', '19144383360', 'NY', '120764580']
2021-04-20 14:37:07,741 - D:\project\index.py[line:38] - DEBUG: ['Stephen', 'Mateunas', '779 County Highway 41', '12155', 'Schenevus', '08', '11', '1979', '16072676865', 'NY', '123623799']
2021-04-20 14:37:07,741 - D:\project\index.py[line:38] - DEBUG: ['Ivan', 'Velazquez', '123 Lafayette Ave Apt 3', '14213', 'Buffalo', '03', '22', '1997', '17165415123', 'NY', '596546843']
2021-04-20 14:37:07,742 - D:\project\index.py[line:38] - DEBUG: ['sonia', 'pozo', '905 tinton ave', '10456', 'BRONX', '12', '26', '1969', '19172599852', 'NY', '057687330']
2021-04-20 14:37:07,742 - D:\project\index.py[line:38] - DEBUG: ['Melissa', 'Flores', '82 Columbus Ave', '11722', 'Central Islip', '01', '24', '1981', '16314359015', 'NY', '097668842']
2021-04-20 14:37:07,742 - D:\project\index.py[line:38] - DEBUG: ['Michelle', 'Machuhovsky', '5532 Purdy Rd', '14424', 'CANANDAIGUA', '10', '11', '1966', '15856628084', 'NY', '080641917']
2021-04-20 14:37:07,742 - D:\project\index.py[line:38] - DEBUG: ['Casandra', 'Newsome', '965 Columbus Ave Apt 7B', '10025-3183', 'New York', '05', '07', '1973', '19175205227', 'NY', '133601915']
2021-04-20 14:37:07,742 - D:\project\index.py[line:38] - DEBUG: ['Greg', 'Yerman', '563 Carlton Ave Apt 2', '11238', 'Brooklyn', '01', '28', '1963', '17182308646', 'NY', '591689028']
2021-04-20 14:37:07,755 - D:\project\index.py[line:38] - DEBUG: ['LUIS', 'SINCHI', '49 CANDIDO AVE', '11967', 'SHIRLEY', '06', '07', '1985', '16312940526', 'NY', '064923888']
2021-04-20 14:37:07,755 - D:\project\index.py[line:38] - DEBUG: ['Kyle', 'Keysor', '9 Hammond street', '12929', 'DANNEMORA', '03', '15', '1990', '15185930613', 'NY', '055785153']
2021-04-20 14:37:07,756 - D:\project\index.py[line:38] - DEBUG: ['Baldev', 'Singh', '8906 Pontiac St 1st floor', '11427-2728', 'Queens Village', '11', '15', '1959', '17188647207', 'NY', '088829644']
2021-04-20 14:37:07,756 - D:\project\index.py[line:38] - DEBUG: ['Rafi', 'Hamif', '95 Krug Place', '11501', 'MINEOLA', '06', '05', '1958', '16319017073', 'NY', '060882462']
2021-04-20 14:37:07,756 - D:\project\index.py[line:38] - DEBUG: ['Cesar', 'Rodriguez', '450 e market st', '11561', 'LONG BEACH', '07', '12', '1978', '15164311646', 'NY', '088801405']
2021-04-20 14:37:07,756 - D:\project\index.py[line:38] - DEBUG: ['Krystal', 'Whaley', '798 Albany Avenue', '11203', 'BROOKLYN', '11', '28', '1991', '19176153367', 'NY', '064804581']
2021-04-20 14:37:07,756 - D:\project\index.py[line:38] - DEBUG: ['Ezra', 'Turkel', '500 grand st B2A', '10002', 'New York', '12', '25', '1967', '19173347529', 'NY', '050489690']
2021-04-20 14:37:07,756 - D:\project\index.py[line:38] - DEBUG: ['Kisha', 'Gomez', '3225 Parkside Place #5F', '10467', 'BRONX', '11', '06', '1990', '13473751228', 'NY', '092788019']
2021-04-20 14:37:07,756 - D:\project\index.py[line:38] - DEBUG: ['Amaury', 'Villalobos', '3101 park blvd', '10306', 'STATEN ISLAND', '01', '31', '1970', '16465153209', 'NY', '116566756']
2021-04-20 14:39:57,435 - D:\project\index.py[line:29] - INFO: 接收到文件
2021-04-20 14:39:57,435 - D:\project\index.py[line:32] - INFO: C:\Users\ThinkPad\Desktop\10.txt
2021-04-20 14:41:55,391 - D:\project\index.py[line:29] - INFO: 接收到文件
2021-04-20 14:41:55,392 - D:\project\index.py[line:32] - INFO: C:\Users\ThinkPad\Desktop\10.txt
2021-04-20 15:02:01,927 - D:\project\index.py[line:29] - INFO: 接收到文件
2021-04-20 15:02:01,928 - D:\project\index.py[line:45] - INFO: C:\Users\ThinkPad\Desktop\10.txt
2021-04-20 15:02:05,128 - D:\project\index.py[line:29] - INFO: 接收到文件
2021-04-20 15:02:07,645 - D:\project\index.py[line:29] - INFO: 接收到文件
2021-04-20 15:02:42,869 - D:\project\index.py[line:29] - INFO: 接收到文件
2021-04-20 15:02:42,871 - D:\project\index.py[line:46] - INFO: C:\Users\ThinkPad\Desktop\10.txt
2021-04-20 15:02:50,576 - D:\project\index.py[line:29] - INFO: 接收到文件
2021-04-20 15:02:52,322 - D:\project\index.py[line:29] - INFO: 接收到文件
2021-04-20 15:05:12,697 - D:\project\index.py[line:29] - INFO: 接收到文件
2021-04-20 15:05:12,698 - D:\project\index.py[line:46] - INFO: C:\Users\ThinkPad\Desktop\10.txt
2021-04-20 15:05:15,533 - D:\project\index.py[line:29] - INFO: 接收到文件
2021-04-20 17:05:29,269 - D:\project\index.py[line:29] - INFO: 接收到文件
2021-04-20 17:05:29,270 - D:\project\index.py[line:48] - INFO: C:\Users\ThinkPad\Desktop\10.txt
2021-04-20 17:05:49,009 - D:\project\index.py[line:171] - INFO: 0
2021-04-20 17:05:49,009 - D:\project\index.py[line:171] - INFO: 1
2021-04-20 17:05:49,010 - D:\project\index.py[line:171] - INFO: 2
2021-04-20 17:05:49,010 - D:\project\index.py[line:171] - INFO: 3
2021-04-20 17:05:49,010 - D:\project\index.py[line:171] - INFO: 4
2021-04-20 17:05:49,011 - D:\project\index.py[line:171] - INFO: 5
2021-04-20 17:05:49,011 - D:\project\index.py[line:171] - INFO: 6
2021-04-20 17:05:49,011 - D:\project\index.py[line:171] - INFO: 7
2021-04-20 17:05:49,012 - D:\project\index.py[line:171] - INFO: 8
2021-04-20 17:05:49,012 - D:\project\index.py[line:171] - INFO: 9
2021-04-20 17:05:49,012 - D:\project\index.py[line:171] - INFO: 10
2021-04-20 17:05:49,013 - D:\project\index.py[line:171] - INFO: 11
2021-04-20 17:05:49,013 - D:\project\index.py[line:171] - INFO: 12
2021-04-20 17:05:49,013 - D:\project\index.py[line:171] - INFO: 13
2021-04-20 17:05:49,014 - D:\project\index.py[line:171] - INFO: 14
2021-04-20 17:05:49,014 - D:\project\index.py[line:171] - INFO: 15
2021-04-20 17:05:49,014 - D:\project\index.py[line:171] - INFO: 16
2021-04-20 17:05:49,015 - D:\project\index.py[line:171] - INFO: 17
2021-04-20 17:05:49,015 - D:\project\index.py[line:171] - INFO: 18
2021-04-20 17:05:49,015 - D:\project\index.py[line:171] - INFO: 19
2021-04-20 17:05:49,016 - D:\project\index.py[line:171] - INFO: 20
2021-04-20 17:05:49,016 - D:\project\index.py[line:171] - INFO: 21
2021-04-20 17:05:49,016 - D:\project\index.py[line:171] - INFO: 22
2021-04-20 17:05:49,017 - D:\project\index.py[line:171] - INFO: 23
2021-04-20 17:05:49,017 - D:\project\index.py[line:171] - INFO: 24
2021-04-20 17:05:49,017 - D:\project\index.py[line:171] - INFO: 25
2021-04-20 17:05:49,018 - D:\project\index.py[line:171] - INFO: 26
2021-04-20 17:05:49,018 - D:\project\index.py[line:171] - INFO: 27
2021-04-20 17:05:49,018 - D:\project\index.py[line:171] - INFO: 28
2021-04-20 17:05:49,018 - D:\project\index.py[line:171] - INFO: 29
2021-04-20 17:05:49,018 - D:\project\index.py[line:171] - INFO: 30
2021-04-20 17:05:49,019 - D:\project\index.py[line:171] - INFO: 31
2021-04-20 17:05:49,019 - D:\project\index.py[line:171] - INFO: 32
2021-04-20 17:05:49,020 - D:\project\index.py[line:171] - INFO: 33
2021-04-20 17:05:49,020 - D:\project\index.py[line:171] - INFO: 34
2021-04-20 17:05:49,020 - D:\project\index.py[line:171] - INFO: 35
2021-04-20 17:05:49,024 - D:\project\index.py[line:171] - INFO: 36
2021-04-20 17:05:49,024 - D:\project\index.py[line:171] - INFO: 37
2021-04-20 17:05:49,024 - D:\project\index.py[line:171] - INFO: 38
2021-04-20 17:05:49,025 - D:\project\index.py[line:171] - INFO: 39
2021-04-20 17:05:49,025 - D:\project\index.py[line:171] - INFO: 40
2021-04-20 17:05:49,025 - D:\project\index.py[line:171] - INFO: 41
2021-04-20 17:05:49,025 - D:\project\index.py[line:171] - INFO: 42
2021-04-20 17:05:49,026 - D:\project\index.py[line:171] - INFO: 43
2021-04-20 17:05:49,026 - D:\project\index.py[line:171] - INFO: 44
2021-04-20 17:05:49,026 - D:\project\index.py[line:171] - INFO: 45
2021-04-20 17:05:49,026 - D:\project\index.py[line:171] - INFO: 46
2021-04-20 17:05:49,026 - D:\project\index.py[line:171] - INFO: 47
2021-04-20 17:05:49,027 - D:\project\index.py[line:171] - INFO: 48
2021-04-20 17:05:49,027 - D:\project\index.py[line:171] - INFO: 49
2021-04-20 17:05:49,027 - D:\project\index.py[line:171] - INFO: 50
2021-04-20 17:05:49,027 - D:\project\index.py[line:171] - INFO: 51
2021-04-20 17:05:49,027 - D:\project\index.py[line:171] - INFO: 52
2021-04-20 17:05:49,028 - D:\project\index.py[line:171] - INFO: 53
2021-04-20 17:05:49,028 - D:\project\index.py[line:171] - INFO: 54
2021-04-20 17:07:44,951 - D:\project\index.py[line:171] - INFO: 0
2021-04-20 17:07:44,952 - D:\project\index.py[line:171] - INFO: 1
2021-04-20 17:07:44,952 - D:\project\index.py[line:171] - INFO: 2
2021-04-20 17:07:44,952 - D:\project\index.py[line:171] - INFO: 3
2021-04-20 17:07:44,952 - D:\project\index.py[line:171] - INFO: 4
2021-04-20 17:07:44,953 - D:\project\index.py[line:171] - INFO: 5
2021-04-20 17:07:44,953 - D:\project\index.py[line:171] - INFO: 6
2021-04-20 17:07:44,953 - D:\project\index.py[line:171] - INFO: 7
2021-04-20 17:07:44,953 - D:\project\index.py[line:171] - INFO: 8
2021-04-20 17:07:44,954 - D:\project\index.py[line:171] - INFO: 9
2021-04-20 17:07:44,954 - D:\project\index.py[line:171] - INFO: 10
2021-04-20 17:07:44,954 - D:\project\index.py[line:171] - INFO: 11
2021-04-20 17:07:44,954 - D:\project\index.py[line:171] - INFO: 12
2021-04-20 17:07:44,954 - D:\project\index.py[line:171] - INFO: 13
2021-04-20 17:07:44,954 - D:\project\index.py[line:171] - INFO: 14
2021-04-20 17:07:44,955 - D:\project\index.py[line:171] - INFO: 15
2021-04-20 17:07:44,955 - D:\project\index.py[line:171] - INFO: 16
2021-04-20 17:07:44,955 - D:\project\index.py[line:171] - INFO: 17
2021-04-20 17:07:44,955 - D:\project\index.py[line:171] - INFO: 18
2021-04-20 17:07:44,956 - D:\project\index.py[line:171] - INFO: 19
2021-04-20 17:07:44,956 - D:\project\index.py[line:171] - INFO: 20
2021-04-20 17:07:44,956 - D:\project\index.py[line:171] - INFO: 21
2021-04-20 17:07:44,956 - D:\project\index.py[line:171] - INFO: 22
2021-04-20 17:07:44,956 - D:\project\index.py[line:171] - INFO: 23
2021-04-20 17:07:44,956 - D:\project\index.py[line:171] - INFO: 24
2021-04-20 17:07:44,957 - D:\project\index.py[line:171] - INFO: 25
2021-04-20 17:07:44,957 - D:\project\index.py[line:171] - INFO: 26
2021-04-20 17:07:44,957 - D:\project\index.py[line:171] - INFO: 27
2021-04-20 17:07:44,957 - D:\project\index.py[line:171] - INFO: 28
2021-04-20 17:07:44,957 - D:\project\index.py[line:171] - INFO: 29
2021-04-20 17:07:44,958 - D:\project\index.py[line:171] - INFO: 30
2021-04-20 17:07:44,958 - D:\project\index.py[line:171] - INFO: 31
2021-04-20 17:07:44,958 - D:\project\index.py[line:171] - INFO: 32
2021-04-20 17:07:44,958 - D:\project\index.py[line:171] - INFO: 33
2021-04-20 17:07:44,959 - D:\project\index.py[line:171] - INFO: 34
2021-04-20 17:07:44,959 - D:\project\index.py[line:171] - INFO: 35
2021-04-20 17:07:44,960 - D:\project\index.py[line:171] - INFO: 36
2021-04-20 17:07:44,960 - D:\project\index.py[line:171] - INFO: 37
2021-04-20 17:07:44,961 - D:\project\index.py[line:171] - INFO: 38
2021-04-20 17:07:44,961 - D:\project\index.py[line:171] - INFO: 39
2021-04-20 17:07:44,961 - D:\project\index.py[line:171] - INFO: 40
2021-04-20 17:07:44,961 - D:\project\index.py[line:171] - INFO: 41
2021-04-20 17:07:44,962 - D:\project\index.py[line:171] - INFO: 42
2021-04-20 17:07:44,962 - D:\project\index.py[line:171] - INFO: 43
2021-04-20 17:07:44,962 - D:\project\index.py[line:171] - INFO: 44
2021-04-20 17:07:44,962 - D:\project\index.py[line:171] - INFO: 45
2021-04-20 17:07:44,962 - D:\project\index.py[line:171] - INFO: 46
2021-04-20 17:07:44,963 - D:\project\index.py[line:171] - INFO: 47
2021-04-20 17:07:44,963 - D:\project\index.py[line:171] - INFO: 48
2021-04-20 17:07:44,963 - D:\project\index.py[line:171] - INFO: 49
2021-04-20 17:07:44,963 - D:\project\index.py[line:171] - INFO: 50
2021-04-20 17:07:44,963 - D:\project\index.py[line:171] - INFO: 51
2021-04-20 17:07:44,964 - D:\project\index.py[line:171] - INFO: 52
2021-04-20 17:07:44,964 - D:\project\index.py[line:171] - INFO: 53
2021-04-20 17:07:44,964 - D:\project\index.py[line:171] - INFO: 54
2021-04-20 17:07:57,450 - D:\project\index.py[line:28] - INFO: 接收到文件
2021-04-20 17:07:57,452 - D:\project\index.py[line:47] - INFO: C:\Users\ThinkPad\Desktop\10.txt
2021-04-20 17:08:01,259 - D:\project\index.py[line:170] - INFO: 0
2021-04-20 17:08:01,259 - D:\project\index.py[line:170] - INFO: 1
2021-04-20 17:08:01,259 - D:\project\index.py[line:170] - INFO: 2
2021-04-20 17:08:01,259 - D:\project\index.py[line:170] - INFO: 3
2021-04-20 17:08:01,259 - D:\project\index.py[line:170] - INFO: 4
2021-04-20 17:08:01,260 - D:\project\index.py[line:170] - INFO: 5
2021-04-20 17:08:01,260 - D:\project\index.py[line:170] - INFO: 6
2021-04-20 17:08:01,261 - D:\project\index.py[line:170] - INFO: 7
2021-04-20 17:08:01,261 - D:\project\index.py[line:170] - INFO: 8
2021-04-20 17:08:01,262 - D:\project\index.py[line:170] - INFO: 9
2021-04-20 17:08:01,262 - D:\project\index.py[line:170] - INFO: 10
2021-04-20 17:08:01,262 - D:\project\index.py[line:170] - INFO: 11
2021-04-20 17:08:01,263 - D:\project\index.py[line:170] - INFO: 12
2021-04-20 17:08:01,263 - D:\project\index.py[line:170] - INFO: 13
2021-04-20 17:08:01,263 - D:\project\index.py[line:170] - INFO: 14
2021-04-20 17:08:01,263 - D:\project\index.py[line:170] - INFO: 15
2021-04-20 17:08:01,264 - D:\project\index.py[line:170] - INFO: 16
2021-04-20 17:08:01,264 - D:\project\index.py[line:170] - INFO: 17
2021-04-20 17:08:01,264 - D:\project\index.py[line:170] - INFO: 18
2021-04-20 17:08:01,264 - D:\project\index.py[line:170] - INFO: 19
2021-04-20 17:08:01,265 - D:\project\index.py[line:170] - INFO: 20
2021-04-20 17:08:01,265 - D:\project\index.py[line:170] - INFO: 21
2021-04-20 17:08:01,265 - D:\project\index.py[line:170] - INFO: 22
2021-04-20 17:08:01,265 - D:\project\index.py[line:170] - INFO: 23
2021-04-20 17:08:01,265 - D:\project\index.py[line:170] - INFO: 24
2021-04-20 17:08:01,265 - D:\project\index.py[line:170] - INFO: 25
2021-04-20 17:08:01,266 - D:\project\index.py[line:170] - INFO: 26
2021-04-20 17:08:01,266 - D:\project\index.py[line:170] - INFO: 27
2021-04-20 17:08:01,266 - D:\project\index.py[line:170] - INFO: 28
2021-04-20 17:08:01,266 - D:\project\index.py[line:170] - INFO: 29
2021-04-20 17:08:01,266 - D:\project\index.py[line:170] - INFO: 30
2021-04-20 17:08:01,266 - D:\project\index.py[line:170] - INFO: 31
2021-04-20 17:08:01,267 - D:\project\index.py[line:170] - INFO: 32
2021-04-20 17:08:01,267 - D:\project\index.py[line:170] - INFO: 33
2021-04-20 17:08:01,267 - D:\project\index.py[line:170] - INFO: 34
2021-04-20 17:08:01,267 - D:\project\index.py[line:170] - INFO: 35
2021-04-20 17:08:01,268 - D:\project\index.py[line:170] - INFO: 36
2021-04-20 17:08:01,268 - D:\project\index.py[line:170] - INFO: 37
2021-04-20 17:08:01,268 - D:\project\index.py[line:170] - INFO: 38
2021-04-20 17:08:01,268 - D:\project\index.py[line:170] - INFO: 39
2021-04-20 17:08:01,269 - D:\project\index.py[line:170] - INFO: 40
2021-04-20 17:08:01,269 - D:\project\index.py[line:170] - INFO: 41
2021-04-20 17:08:01,269 - D:\project\index.py[line:170] - INFO: 42
2021-04-20 17:08:01,269 - D:\project\index.py[line:170] - INFO: 43
2021-04-20 17:08:01,269 - D:\project\index.py[line:170] - INFO: 44
2021-04-20 17:08:01,269 - D:\project\index.py[line:170] - INFO: 45
2021-04-20 17:08:01,270 - D:\project\index.py[line:170] - INFO: 46
2021-04-20 17:08:01,270 - D:\project\index.py[line:170] - INFO: 47
2021-04-20 17:08:01,270 - D:\project\index.py[line:170] - INFO: 48
2021-04-20 17:08:01,270 - D:\project\index.py[line:170] - INFO: 49
2021-04-20 17:08:01,270 - D:\project\index.py[line:170] - INFO: 50
2021-04-20 17:08:01,271 - D:\project\index.py[line:170] - INFO: 51
2021-04-20 17:08:01,271 - D:\project\index.py[line:170] - INFO: 52
2021-04-20 17:08:01,271 - D:\project\index.py[line:170] - INFO: 53
2021-04-20 17:08:01,271 - D:\project\index.py[line:170] - INFO: 54
2021-04-20 17:10:05,689 - D:\project\index.py[line:28] - INFO: 接收到文件
2021-04-20 17:10:05,689 - D:\project\index.py[line:47] - INFO: C:\Users\ThinkPad\Desktop\10.txt
2021-04-20 17:10:08,378 - D:\project\index.py[line:170] - INFO: 0
2021-04-20 17:10:08,378 - D:\project\index.py[line:170] - INFO: 1
2021-04-20 17:10:08,379 - D:\project\index.py[line:170] - INFO: 2
2021-04-20 17:10:08,379 - D:\project\index.py[line:170] - INFO: 3
2021-04-20 17:10:08,379 - D:\project\index.py[line:170] - INFO: 4
2021-04-20 17:10:08,379 - D:\project\index.py[line:170] - INFO: 5
2021-04-20 17:10:08,379 - D:\project\index.py[line:170] - INFO: 6
2021-04-20 17:10:08,379 - D:\project\index.py[line:170] - INFO: 7
2021-04-20 17:10:08,380 - D:\project\index.py[line:170] - INFO: 8
2021-04-20 17:10:08,380 - D:\project\index.py[line:170] - INFO: 9
2021-04-20 17:10:08,380 - D:\project\index.py[line:170] - INFO: 10
2021-04-20 17:10:08,380 - D:\project\index.py[line:170] - INFO: 11
2021-04-20 17:10:08,380 - D:\project\index.py[line:170] - INFO: 12
2021-04-20 17:10:08,380 - D:\project\index.py[line:170] - INFO: 13
2021-04-20 17:10:08,380 - D:\project\index.py[line:170] - INFO: 14
2021-04-20 17:10:08,381 - D:\project\index.py[line:170] - INFO: 15
2021-04-20 17:10:08,381 - D:\project\index.py[line:170] - INFO: 16
2021-04-20 17:10:08,381 - D:\project\index.py[line:170] - INFO: 17
2021-04-20 17:10:08,382 - D:\project\index.py[line:170] - INFO: 18
2021-04-20 17:10:08,382 - D:\project\index.py[line:170] - INFO: 19
2021-04-20 17:10:08,383 - D:\project\index.py[line:170] - INFO: 20
2021-04-20 17:10:08,383 - D:\project\index.py[line:170] - INFO: 21
2021-04-20 17:10:08,383 - D:\project\index.py[line:170] - INFO: 22
2021-04-20 17:10:08,383 - D:\project\index.py[line:170] - INFO: 23
2021-04-20 17:10:08,384 - D:\project\index.py[line:170] - INFO: 24
2021-04-20 17:10:08,384 - D:\project\index.py[line:170] - INFO: 25
2021-04-20 17:10:08,384 - D:\project\index.py[line:170] - INFO: 26
2021-04-20 17:10:08,384 - D:\project\index.py[line:170] - INFO: 27
2021-04-20 17:10:08,385 - D:\project\index.py[line:170] - INFO: 28
2021-04-20 17:10:08,385 - D:\project\index.py[line:170] - INFO: 29
2021-04-20 17:10:08,385 - D:\project\index.py[line:170] - INFO: 30
2021-04-20 17:10:08,385 - D:\project\index.py[line:170] - INFO: 31
2021-04-20 17:10:08,385 - D:\project\index.py[line:170] - INFO: 32
2021-04-20 17:10:08,385 - D:\project\index.py[line:170] - INFO: 33
2021-04-20 17:10:08,386 - D:\project\index.py[line:170] - INFO: 34
2021-04-20 17:10:08,386 - D:\project\index.py[line:170] - INFO: 35
2021-04-20 17:10:08,386 - D:\project\index.py[line:170] - INFO: 36
2021-04-20 17:10:08,386 - D:\project\index.py[line:170] - INFO: 37
2021-04-20 17:10:08,386 - D:\project\index.py[line:170] - INFO: 38
2021-04-20 17:10:08,386 - D:\project\index.py[line:170] - INFO: 39
2021-04-20 17:10:08,387 - D:\project\index.py[line:170] - INFO: 40
2021-04-20 17:10:08,387 - D:\project\index.py[line:170] - INFO: 41
2021-04-20 17:10:08,387 - D:\project\index.py[line:170] - INFO: 42
2021-04-20 17:10:08,387 - D:\project\index.py[line:170] - INFO: 43
2021-04-20 17:10:08,387 - D:\project\index.py[line:170] - INFO: 44
2021-04-20 17:10:08,387 - D:\project\index.py[line:170] - INFO: 45
2021-04-20 17:10:08,387 - D:\project\index.py[line:170] - INFO: 46
2021-04-20 17:10:08,388 - D:\project\index.py[line:170] - INFO: 47
2021-04-20 17:10:08,388 - D:\project\index.py[line:170] - INFO: 48
2021-04-20 17:10:08,388 - D:\project\index.py[line:170] - INFO: 49
2021-04-20 17:10:08,388 - D:\project\index.py[line:170] - INFO: 50
2021-04-20 17:10:08,388 - D:\project\index.py[line:170] - INFO: 51
2021-04-20 17:10:08,388 - D:\project\index.py[line:170] - INFO: 52
2021-04-20 17:10:08,389 - D:\project\index.py[line:170] - INFO: 53
2021-04-20 17:10:08,389 - D:\project\index.py[line:170] - INFO: 54
2021-04-20 17:20:17,604 - D:\project\index.py[line:29] - INFO: 接收到文件
2021-04-20 17:20:17,604 - D:\project\index.py[line:48] - INFO: C:\Users\ThinkPad\Desktop\10.txt
2021-04-20 17:22:33,220 - D:\project\index.py[line:29] - INFO: 接收到文件
2021-04-20 17:22:33,222 - D:\project\index.py[line:48] - INFO: C:\Users\ThinkPad\Desktop\10.txt
2021-04-20 17:22:40,778 - D:\project\index.py[line:174] - INFO: 0
2021-04-20 17:22:41,792 - D:\project\index.py[line:174] - INFO: 1
2021-04-20 17:22:42,805 - D:\project\index.py[line:174] - INFO: 2
2021-04-20 17:22:43,815 - D:\project\index.py[line:174] - INFO: 3
2021-04-20 17:22:44,829 - D:\project\index.py[line:174] - INFO: 4
2021-04-20 17:22:45,835 - D:\project\index.py[line:174] - INFO: 5
2021-04-20 17:22:46,842 - D:\project\index.py[line:174] - INFO: 6
2021-04-20 17:22:47,851 - D:\project\index.py[line:174] - INFO: 7
2021-04-20 17:22:48,865 - D:\project\index.py[line:174] - INFO: 8
2021-04-20 17:22:49,873 - D:\project\index.py[line:174] - INFO: 9
2021-04-20 17:22:50,886 - D:\project\index.py[line:174] - INFO: 10
2021-04-20 17:22:51,900 - D:\project\index.py[line:174] - INFO: 11
2021-04-20 17:22:52,910 - D:\project\index.py[line:174] - INFO: 12
2021-04-20 17:22:53,924 - D:\project\index.py[line:174] - INFO: 13
2021-04-20 17:22:54,937 - D:\project\index.py[line:174] - INFO: 14
2021-04-20 17:22:55,950 - D:\project\index.py[line:174] - INFO: 15
2021-04-20 17:22:56,964 - D:\project\index.py[line:174] - INFO: 16
2021-04-20 17:22:57,976 - D:\project\index.py[line:174] - INFO: 17
2021-04-20 17:22:58,978 - D:\project\index.py[line:174] - INFO: 18
2021-04-20 17:22:59,991 - D:\project\index.py[line:174] - INFO: 19
2021-04-20 17:23:01,006 - D:\project\index.py[line:174] - INFO: 20
2021-04-20 17:23:02,020 - D:\project\index.py[line:174] - INFO: 21
2021-04-20 17:23:03,026 - D:\project\index.py[line:174] - INFO: 22
2021-04-20 17:23:04,040 - D:\project\index.py[line:174] - INFO: 23
2021-04-20 17:23:05,053 - D:\project\index.py[line:174] - INFO: 24
2021-04-20 17:23:06,063 - D:\project\index.py[line:174] - INFO: 25
2021-04-20 17:23:07,077 - D:\project\index.py[line:174] - INFO: 26
2021-04-20 17:23:08,087 - D:\project\index.py[line:174] - INFO: 27
2021-04-20 17:23:09,102 - D:\project\index.py[line:174] - INFO: 28
2021-04-20 17:23:10,115 - D:\project\index.py[line:174] - INFO: 29
2021-04-20 17:23:11,131 - D:\project\index.py[line:174] - INFO: 30
2021-04-20 17:23:12,146 - D:\project\index.py[line:174] - INFO: 31
2021-04-20 17:23:13,157 - D:\project\index.py[line:174] - INFO: 32
2021-04-20 17:23:14,170 - D:\project\index.py[line:174] - INFO: 33
2021-04-20 17:23:15,184 - D:\project\index.py[line:174] - INFO: 34
2021-04-20 17:23:16,197 - D:\project\index.py[line:174] - INFO: 35
2021-04-20 17:23:17,213 - D:\project\index.py[line:174] - INFO: 36
2021-04-20 17:23:18,223 - D:\project\index.py[line:174] - INFO: 37
2021-04-20 17:23:19,234 - D:\project\index.py[line:174] - INFO: 38
2021-04-20 17:23:20,246 - D:\project\index.py[line:174] - INFO: 39
2021-04-20 17:23:21,256 - D:\project\index.py[line:174] - INFO: 40
2021-04-20 17:23:22,272 - D:\project\index.py[line:174] - INFO: 41
2021-04-20 17:23:23,283 - D:\project\index.py[line:174] - INFO: 42
2021-04-20 17:23:24,296 - D:\project\index.py[line:174] - INFO: 43
2021-04-20 17:23:25,308 - D:\project\index.py[line:174] - INFO: 44
2021-04-20 17:23:26,321 - D:\project\index.py[line:174] - INFO: 45
2021-04-20 17:23:27,334 - D:\project\index.py[line:174] - INFO: 46
2021-04-20 17:23:28,336 - D:\project\index.py[line:174] - INFO: 47
2021-04-20 17:23:29,344 - D:\project\index.py[line:174] - INFO: 48
2021-04-20 17:23:30,359 - D:\project\index.py[line:174] - INFO: 49
2021-04-20 17:23:31,373 - D:\project\index.py[line:174] - INFO: 50
2021-04-20 17:23:32,386 - D:\project\index.py[line:174] - INFO: 51
2021-04-20 17:23:33,401 - D:\project\index.py[line:174] - INFO: 52
2021-04-20 17:23:34,412 - D:\project\index.py[line:174] - INFO: 53
2021-04-20 17:23:35,422 - D:\project\index.py[line:174] - INFO: 54
2021-04-20 17:27:44,577 - D:\project\index.py[line:29] - INFO: 接收到文件
2021-04-20 17:27:44,578 - D:\project\index.py[line:48] - INFO: C:\Users\ThinkPad\Desktop\10.txt
2021-04-20 17:41:05,639 - D:\project\index.py[line:30] - INFO: 接收到文件
2021-04-20 17:41:05,641 - D:\project\index.py[line:49] - INFO: C:\Users\ThinkPad\Desktop\10.txt
2021-04-20 17:41:07,897 - D:\project\venv\lib\site-packages\wx\core.py[line:3407] - INFO: 0
2021-04-20 17:41:08,899 - D:\project\venv\lib\site-packages\wx\core.py[line:3407] - INFO: 1
2021-04-20 17:41:10,108 - D:\project\venv\lib\site-packages\wx\core.py[line:3407] - INFO: 2
2021-04-20 17:41:10,924 - D:\project\venv\lib\site-packages\wx\core.py[line:3407] - INFO: 3
2021-04-20 17:41:11,932 - D:\project\venv\lib\site-packages\wx\core.py[line:3407] - INFO: 4
2021-04-20 17:41:12,938 - D:\project\venv\lib\site-packages\wx\core.py[line:3407] - INFO: 5
2021-04-20 17:41:13,952 - D:\project\venv\lib\site-packages\wx\core.py[line:3407] - INFO: 6
2021-04-20 17:41:14,966 - D:\project\venv\lib\site-packages\wx\core.py[line:3407] - INFO: 7
2021-04-20 17:41:15,979 - D:\project\venv\lib\site-packages\wx\core.py[line:3407] - INFO: 8
2021-04-20 17:41:16,989 - D:\project\venv\lib\site-packages\wx\core.py[line:3407] - INFO: 9
2021-04-20 17:41:18,002 - D:\project\venv\lib\site-packages\wx\core.py[line:3407] - INFO: 10
2021-04-20 17:41:19,017 - D:\project\venv\lib\site-packages\wx\core.py[line:3407] - INFO: 11
2021-04-20 17:41:20,017 - D:\project\venv\lib\site-packages\wx\core.py[line:3407] - INFO: 12
2021-04-20 17:41:21,025 - D:\project\venv\lib\site-packages\wx\core.py[line:3407] - INFO: 13
2021-04-20 17:41:22,037 - D:\project\venv\lib\site-packages\wx\core.py[line:3407] - INFO: 14
2021-04-20 17:41:23,045 - D:\project\venv\lib\site-packages\wx\core.py[line:3407] - INFO: 15
2021-04-20 17:41:24,060 - D:\project\venv\lib\site-packages\wx\core.py[line:3407] - INFO: 16
2021-04-20 17:41:25,075 - D:\project\venv\lib\site-packages\wx\core.py[line:3407] - INFO: 17
2021-04-20 17:41:26,089 - D:\project\venv\lib\site-packages\wx\core.py[line:3407] - INFO: 18
2021-04-20 17:41:27,097 - D:\project\venv\lib\site-packages\wx\core.py[line:3407] - INFO: 19
2021-04-20 17:41:28,107 - D:\project\venv\lib\site-packages\wx\core.py[line:3407] - INFO: 20
2021-04-20 17:41:29,121 - D:\project\venv\lib\site-packages\wx\core.py[line:3407] - INFO: 21
2021-04-20 17:41:30,135 - D:\project\venv\lib\site-packages\wx\core.py[line:3407] - INFO: 22
2021-04-20 17:41:31,148 - D:\project\venv\lib\site-packages\wx\core.py[line:3407] - INFO: 23
2021-04-20 17:41:32,157 - D:\project\venv\lib\site-packages\wx\core.py[line:3407] - INFO: 24
2021-04-20 17:41:33,170 - D:\project\venv\lib\site-packages\wx\core.py[line:3407] - INFO: 25
2021-04-20 17:41:34,186 - D:\project\venv\lib\site-packages\wx\core.py[line:3407] - INFO: 26
2021-04-20 17:41:35,200 - D:\project\venv\lib\site-packages\wx\core.py[line:3407] - INFO: 27
2021-04-20 17:41:36,212 - D:\project\venv\lib\site-packages\wx\core.py[line:3407] - INFO: 28
2021-04-20 17:41:37,226 - D:\project\venv\lib\site-packages\wx\core.py[line:3407] - INFO: 29
2021-04-20 17:41:38,241 - D:\project\venv\lib\site-packages\wx\core.py[line:3407] - INFO: 30
2021-04-20 17:41:39,255 - D:\project\venv\lib\site-packages\wx\core.py[line:3407] - INFO: 31
2021-04-20 17:41:40,269 - D:\project\venv\lib\site-packages\wx\core.py[line:3407] - INFO: 32
2021-04-20 17:41:41,280 - D:\project\venv\lib\site-packages\wx\core.py[line:3407] - INFO: 33
2021-04-20 17:41:42,291 - D:\project\venv\lib\site-packages\wx\core.py[line:3407] - INFO: 34
2021-04-20 18:06:37,411 - D:\project\index.py[line:30] - INFO: 接收到文件
2021-04-20 18:06:37,412 - D:\project\index.py[line:49] - INFO: C:\Users\ThinkPad\Desktop\10.txt
2021-04-20 18:06:41,053 - D:\project\venv\lib\site-packages\wx\core.py[line:3407] - INFO: 0
2021-04-20 18:06:42,064 - D:\project\venv\lib\site-packages\wx\core.py[line:3407] - INFO: 1
2021-04-20 18:06:43,077 - D:\project\venv\lib\site-packages\wx\core.py[line:3407] - INFO: 2
2021-04-20 18:06:44,091 - D:\project\venv\lib\site-packages\wx\core.py[line:3407] - INFO: 3
2021-04-20 18:06:45,097 - D:\project\venv\lib\site-packages\wx\core.py[line:3407] - INFO: 4
2021-04-20 18:06:46,111 - D:\project\venv\lib\site-packages\wx\core.py[line:3407] - INFO: 5
2021-04-20 18:06:47,123 - D:\project\venv\lib\site-packages\wx\core.py[line:3407] - INFO: 6
2021-04-20 18:06:48,128 - D:\project\venv\lib\site-packages\wx\core.py[line:3407] - INFO: 7
2021-04-20 18:06:49,141 - D:\project\venv\lib\site-packages\wx\core.py[line:3407] - INFO: 8
2021-04-20 18:06:50,152 - D:\project\venv\lib\site-packages\wx\core.py[line:3407] - INFO: 9
2021-04-20 18:06:51,164 - D:\project\venv\lib\site-packages\wx\core.py[line:3407] - INFO: 10
2021-04-20 18:06:52,176 - D:\project\venv\lib\site-packages\wx\core.py[line:3407] - INFO: 11
2021-04-20 18:06:53,187 - D:\project\venv\lib\site-packages\wx\core.py[line:3407] - INFO: 12
2021-04-20 18:06:54,200 - D:\project\venv\lib\site-packages\wx\core.py[line:3407] - INFO: 13
2021-04-20 18:06:55,212 - D:\project\venv\lib\site-packages\wx\core.py[line:3407] - INFO: 14
2021-04-20 18:06:56,224 - D:\project\venv\lib\site-packages\wx\core.py[line:3407] - INFO: 15
2021-04-20 18:06:57,236 - D:\project\venv\lib\site-packages\wx\core.py[line:3407] - INFO: 16
2021-04-20 18:06:58,245 - D:\project\venv\lib\site-packages\wx\core.py[line:3407] - INFO: 17
2021-04-20 18:06:59,259 - D:\project\venv\lib\site-packages\wx\core.py[line:3407] - INFO: 18
2021-04-20 18:07:00,273 - D:\project\venv\lib\site-packages\wx\core.py[line:3407] - INFO: 19
2021-04-20 18:07:01,280 - D:\project\venv\lib\site-packages\wx\core.py[line:3407] - INFO: 20
2021-04-20 18:07:02,295 - D:\project\venv\lib\site-packages\wx\core.py[line:3407] - INFO: 21
2021-04-20 18:07:03,307 - D:\project\venv\lib\site-packages\wx\core.py[line:3407] - INFO: 22
2021-04-20 18:07:04,317 - D:\project\venv\lib\site-packages\wx\core.py[line:3407] - INFO: 23
2021-04-20 18:07:05,330 - D:\project\venv\lib\site-packages\wx\core.py[line:3407] - INFO: 24
2021-04-20 18:07:06,341 - D:\project\venv\lib\site-packages\wx\core.py[line:3407] - INFO: 25
2021-04-20 18:07:07,345 - D:\project\venv\lib\site-packages\wx\core.py[line:3407] - INFO: 26
2021-04-20 18:07:08,355 - D:\project\venv\lib\site-packages\wx\core.py[line:3407] - INFO: 27
2021-04-20 18:07:09,361 - D:\project\venv\lib\site-packages\wx\core.py[line:3407] - INFO: 28
2021-04-20 18:07:10,372 - D:\project\venv\lib\site-packages\wx\core.py[line:3407] - INFO: 29
2021-04-20 18:07:11,640 - D:\project\venv\lib\site-packages\wx\core.py[line:3407] - INFO: 30
2021-04-20 18:07:12,476 - D:\project\venv\lib\site-packages\wx\core.py[line:3407] - INFO: 31
2021-04-20 18:07:13,481 - D:\project\venv\lib\site-packages\wx\core.py[line:3407] - INFO: 32
2021-04-20 18:07:14,491 - D:\project\venv\lib\site-packages\wx\core.py[line:3407] - INFO: 33
2021-04-20 18:07:15,497 - D:\project\venv\lib\site-packages\wx\core.py[line:3407] - INFO: 34
2021-04-20 18:07:16,509 - D:\project\venv\lib\site-packages\wx\core.py[line:3407] - INFO: 35
2021-04-20 18:07:17,544 - D:\project\venv\lib\site-packages\wx\core.py[line:3407] - INFO: 36
2021-04-20 18:07:18,555 - D:\project\venv\lib\site-packages\wx\core.py[line:3407] - INFO: 37
2021-04-20 18:07:19,565 - D:\project\venv\lib\site-packages\wx\core.py[line:3407] - INFO: 38
2021-04-20 18:07:20,572 - D:\project\venv\lib\site-packages\wx\core.py[line:3407] - INFO: 39
2021-04-20 18:07:21,579 - D:\project\venv\lib\site-packages\wx\core.py[line:3407] - INFO: 40
2021-04-20 18:07:22,692 - D:\project\venv\lib\site-packages\wx\core.py[line:3407] - INFO: 41
2021-04-20 18:07:23,696 - D:\project\venv\lib\site-packages\wx\core.py[line:3407] - INFO: 42
2021-04-20 18:07:24,707 - D:\project\venv\lib\site-packages\wx\core.py[line:3407] - INFO: 43
2021-04-20 18:07:25,728 - D:\project\venv\lib\site-packages\wx\core.py[line:3407] - INFO: 44
2021-04-20 18:07:26,737 - D:\project\venv\lib\site-packages\wx\core.py[line:3407] - INFO: 45
2021-04-20 18:07:27,740 - D:\project\venv\lib\site-packages\wx\core.py[line:3407] - INFO: 46
2021-04-20 18:07:28,746 - D:\project\venv\lib\site-packages\wx\core.py[line:3407] - INFO: 47
2021-04-20 18:07:29,755 - D:\project\venv\lib\site-packages\wx\core.py[line:3407] - INFO: 48
2021-04-20 18:07:30,763 - D:\project\venv\lib\site-packages\wx\core.py[line:3407] - INFO: 49
2021-04-20 18:07:31,769 - D:\project\venv\lib\site-packages\wx\core.py[line:3407] - INFO: 50
2021-04-20 18:07:32,777 - D:\project\venv\lib\site-packages\wx\core.py[line:3407] - INFO: 51
2021-04-20 18:07:33,789 - D:\project\venv\lib\site-packages\wx\core.py[line:3407] - INFO: 52
2021-04-20 18:07:34,802 - D:\project\venv\lib\site-packages\wx\core.py[line:3407] - INFO: 53
2021-04-20 18:07:35,812 - D:\project\venv\lib\site-packages\wx\core.py[line:3407] - INFO: 54
2021-04-20 19:51:29,225 - D:\project\index.py[line:32] - INFO: 接收到文件
2021-04-20 19:51:29,226 - D:\project\index.py[line:51] - INFO: C:\Users\ThinkPad\Desktop\10.txt
